<?xml version="1.0" encoding="UTF-8"?>
<!-- Generated by org.testng.reporters.JUnitReportReporter -->
<testsuite hostname="LAPTOP-Q37K9H7L" failures="0" tests="1" name="test1.simplePrint" time="0.003" errors="0" timestamp="2023-01-24T06:40:18 IST" skipped="0">
  <testcase classname="test1.simplePrint" name="print" time="0.003"/>
  <system-out/>
</testsuite> <!-- test1.simplePrint -->
